<?xml version="1.0" encoding="UTF-8"?>
<testng-results ignored="0" total="1" passed="1" failed="0" skipped="0">
  <reporter-output>
  </reporter-output>
  <suite started-at="2025-11-01T20:49:14 CST" name="Default suite" finished-at="2025-11-01T20:49:27 CST" duration-ms="12906">
    <groups>
    </groups>
    <test started-at="2025-11-01T20:49:14 CST" name="Default test" finished-at="2025-11-01T20:49:27 CST" duration-ms="12906">
      <class name="p2.Productos">
        <test-method is-config="true" signature="setUp()[pri:0, instance:p2.Productos@56620197]" started-at="2025-11-01T20:49:14 CST" name="setUp" finished-at="2025-11-01T20:49:18 CST" duration-ms="3901" status="PASS">
          <reporter-output>
          </reporter-output>
        </test-method> <!-- setUp -->
        <test-method signature="testEliminarCategoria()[pri:0, instance:p2.Productos@56620197]" started-at="2025-11-01T20:49:18 CST" name="testEliminarCategoria" finished-at="2025-11-01T20:49:27 CST" duration-ms="8874" status="PASS">
          <reporter-output>
          </reporter-output>
        </test-method> <!-- testEliminarCategoria -->
        <test-method is-config="true" signature="tearDown()[pri:0, instance:p2.Productos@56620197]" started-at="2025-11-01T20:49:27 CST" name="tearDown" finished-at="2025-11-01T20:49:27 CST" duration-ms="111" status="PASS">
          <reporter-output>
          </reporter-output>
        </test-method> <!-- tearDown -->
      </class> <!-- p2.Productos -->
    </test> <!-- Default test -->
  </suite> <!-- Default suite -->
</testng-results>
